\BOOKMARK [1][-]{section.1}{\376\377\225\356\230\230\221\315\217\360}{}% 1
\BOOKMARK [2][-]{subsection.1.1}{\376\377\225\356\230\230\200\314\146\157}{section.1}% 2
\BOOKMARK [2][-]{subsection.1.2}{\376\377\225\356\230\230\143\320\121\372}{section.1}% 3
\BOOKMARK [1][-]{section.2}{\376\377\225\356\230\230\122\006\147\220}{}% 4
\BOOKMARK [2][-]{subsection.2.1}{\376\377\225\356\230\230\116\000\166\204\122\006\147\220}{section.2}% 5
\BOOKMARK [2][-]{subsection.2.2}{\376\377\225\356\230\230\116\214\166\204\122\006\147\220}{section.2}% 6
\BOOKMARK [2][-]{subsection.2.3}{\376\377\225\356\230\230\116\011\166\204\122\006\147\220}{section.2}% 7
\BOOKMARK [2][-]{subsection.2.4}{\376\377\225\356\230\230\126\333\166\204\122\006\147\220}{section.2}% 8
\BOOKMARK [1][-]{section.3}{\376\377\152\041\127\213\120\107\213\276}{}% 9
\BOOKMARK [1][-]{section.4}{\376\377\173\046\123\367\213\364\146\016}{}% 10
\BOOKMARK [1][-]{section.5}{\376\377\225\356\230\230\116\000\136\372\152\041\116\016\154\102\211\343}{}% 11
\BOOKMARK [2][-]{subsection.5.1}{\376\377\152\041\127\213\121\306\131\007\040\024\040\024\145\160\143\156\230\204\131\004\164\006\116\016\162\171\137\201\135\345\172\013}{section.5}% 12
\BOOKMARK [3][-]{subsubsection.5.1.1}{\376\377\145\160\143\156\156\005\155\027}{subsection.5.1}% 13
\BOOKMARK [3][-]{subsubsection.5.1.2}{\376\377\162\171\137\201\177\026\170\001}{subsection.5.1}% 14
\BOOKMARK [2][-]{subsection.5.2}{\376\377\163\273\164\203\230\316\123\026\116\016\121\166\122\006\174\173\117\341\140\157\121\163\174\373\166\204\122\006\147\220\152\041\127\213}{section.5}% 15
\BOOKMARK [3][-]{subsubsection.5.2.1}{\376\377\127\372\116\216\145\160\143\156\123\357\211\306\123\026\166\204\131\032\123\330\221\317\122\006\147\220}{subsection.5.2}% 16
\BOOKMARK [3][-]{subsubsection.5.2.2}{\376\377\127\372\116\216\150\021\166\204\152\041\127\213\221\315\211\201\140\047\213\241\173\227}{subsection.5.2}% 17
\BOOKMARK [3][-]{subsubsection.5.2.3}{\376\377\152\041\127\213\213\304\116\367}{subsection.5.2}% 18
\BOOKMARK [3][-]{subsubsection.5.2.4}{\376\377\116\222\117\341\140\157\232\214\213\301}{subsection.5.2}% 19
\BOOKMARK [2][-]{subsection.5.3}{\376\377\122\006\147\220\163\273\164\203\123\026\133\146\124\053\221\317\143\317\217\360\140\047\152\041\127\213}{section.5}% 20
\BOOKMARK [3][-]{subsubsection.5.3.1}{\376\377\145\160\143\156\123\357\211\306\123\026\122\035\143\242\230\316\123\026\140\305\121\265\116\016\123\026\133\146\142\020\122\006\155\105\134\102\121\163\174\373}{subsection.5.3}% 21
\BOOKMARK [3][-]{subsubsection.5.3.2}{\376\377\146\076\204\127\140\047\150\300\232\214\200\003\133\337\230\316\123\026\140\305\121\265\116\013\124\004\123\026\133\146\142\020\122\006\135\356\137\002\140\047}{subsection.5.3}% 22
\BOOKMARK [2][-]{subsection.5.4}{\376\377\230\204\155\113\230\316\123\026\122\115\166\204\123\026\133\146\142\020\122\006\124\053\221\317}{section.5}% 23
\BOOKMARK [3][-]{subsubsection.5.4.1}{\376\377\232\330\224\276\060\001\224\305\224\241\163\273\164\203\230\316\123\026\122\115\124\016\145\160\143\156\122\006\147\220}{subsection.5.4}% 24
\BOOKMARK [3][-]{subsubsection.5.4.2}{\376\377\154\102\123\326\136\163\127\107\120\074\060\001\230\204\155\113\230\316\123\026\122\115\123\026\133\146\142\020\122\006}{subsection.5.4}% 25
\BOOKMARK [1][-]{section.6}{\376\377\225\356\230\230\116\214\136\372\152\041\116\016\154\102\211\343}{}% 26
\BOOKMARK [2][-]{subsection.6.1}{\376\377\152\041\127\213\121\306\131\007}{section.6}% 27
\BOOKMARK [3][-]{subsubsection.6.1.1}{\376\377\145\160\143\156\230\204\131\004\164\006}{subsection.6.1}% 28
\BOOKMARK [3][-]{subsubsection.6.1.2}{\376\377\162\171\137\201\135\345\172\013}{subsection.6.1}% 29
\BOOKMARK [2][-]{subsection.6.2}{\376\377\145\160\143\156\123\357\211\306\123\026\155\105\147\220\232\330\224\276\163\273\164\203\124\214\224\305\224\241\163\273\164\203\122\006\174\173\211\304\137\213}{section.6}% 30
\BOOKMARK [2][-]{subsection.6.3}{\376\377\135\347\165\050\121\263\173\126\150\021\116\214\123\311\150\021\176\323\147\204\122\006\147\220\116\044\174\173\163\273\164\203\122\006\174\173\117\235\143\156}{section.6}% 31
\BOOKMARK [3][-]{subsubsection.6.3.1}{\376\377\213\241\173\227\121\263\173\126\150\021\122\006\174\173\176\323\147\234\116\016\147\054\216\253\150\007\173\176\124\073\124\010\136\246}{subsection.6.3}% 32
\BOOKMARK [3][-]{subsubsection.6.3.2}{\376\377\121\263\173\126\150\021\166\204\150\021\162\266\176\323\147\204\133\374\121\372}{subsection.6.3}% 33
\BOOKMARK [2][-]{subsection.6.4}{\376\377\200\132\174\173\122\006\147\220\040\024\134\102\153\041\200\132\174\173\154\325}{section.6}% 34
\BOOKMARK [3][-]{subsubsection.6.4.1}{\376\377\124\010\164\006\140\047\150\300\232\214}{subsection.6.4}% 35
\BOOKMARK [3][-]{subsubsection.6.4.2}{\376\377\142\160\122\250\131\004\164\006}{subsection.6.4}% 36
\BOOKMARK [1][-]{section.7}{\376\377\225\356\230\230\116\011\136\372\152\041\116\016\154\102\211\343}{}% 37
\BOOKMARK [2][-]{subsection.7.1}{\376\377\145\160\143\156\230\204\131\004\164\006}{section.7}% 38
\BOOKMARK [2][-]{subsection.7.2}{\376\377\147\052\167\345\174\173\122\053\145\207\162\151\230\204\155\113\152\041\127\213}{section.7}% 39
\BOOKMARK [3][-]{subsubsection.7.2.1}{\376\377\152\041\127\213\121\306\131\007}{subsection.7.2}% 40
\BOOKMARK [3][-]{subsubsection.7.2.2}{\376\377\152\041\127\213\136\372\172\313}{subsection.7.2}% 41
\BOOKMARK [3][-]{subsubsection.7.2.3}{\376\377\152\041\127\213\154\102\211\343}{subsection.7.2}% 42
\BOOKMARK [2][-]{subsection.7.3}{\376\377\152\041\127\213\145\117\141\037\140\047\122\006\147\220}{section.7}% 43
\BOOKMARK [1][-]{section.8}{\376\377\225\356\230\230\126\333\136\372\152\041\116\016\154\102\211\343}{}% 44
\BOOKMARK [2][-]{subsection.8.1}{\376\377\145\160\143\156\230\204\131\004\164\006}{section.8}% 45
\BOOKMARK [2][-]{subsection.8.2}{\376\377\174\173\121\205\160\160\202\162\121\163\200\124\140\047\122\006\147\220\152\041\127\213}{section.8}% 46
\BOOKMARK [3][-]{subsubsection.8.2.1}{\376\377\152\041\127\213\121\306\131\007}{subsection.8.2}% 47
\BOOKMARK [3][-]{subsubsection.8.2.2}{\376\377\152\041\127\213\136\372\172\313}{subsection.8.2}% 48
\BOOKMARK [3][-]{subsubsection.8.2.3}{\376\377\152\041\127\213\154\102\211\343}{subsection.8.2}% 49
\BOOKMARK [2][-]{subsection.8.3}{\376\377\174\173\225\364\135\356\137\002\140\047\150\300\232\214\152\041\127\213}{section.8}% 50
\BOOKMARK [3][-]{subsubsection.8.3.1}{\376\377\152\041\127\213\136\372\172\313}{subsection.8.3}% 51
\BOOKMARK [3][-]{subsubsection.8.3.2}{\376\377\152\041\127\213\154\102\211\343}{subsection.8.3}% 52
\BOOKMARK [1][-]{section.9}{\376\377\152\041\127\213\213\304\116\367\124\214\145\071\217\333}{}% 53
\BOOKMARK [2][-]{subsection.9.1}{\376\377\152\041\127\213\117\030\160\271}{section.9}% 54
\BOOKMARK [2][-]{subsection.9.2}{\376\377\152\041\127\213\177\072\160\271}{section.9}% 55
\BOOKMARK [2][-]{subsection.9.3}{\376\377\152\041\127\213\145\071\217\333}{section.9}% 56
\BOOKMARK [1][-]{section.10}{\376\377\123\302\200\003\145\207\163\056}{}% 57
\BOOKMARK [1][-]{appendix.A}{\376\377\226\104\137\125\377\032\127\372\116\216\000P\000y\000t\000h\000o\000n\166\204\176\337\213\241\122\006\147\220}{}% 58
\BOOKMARK [2][-]{subsection.A.1}{\376\377\143\317\217\360\140\047\176\337\213\241\122\006\147\220}{appendix.A}% 59
\BOOKMARK [2][-]{subsection.A.2}{\376\377\145\160\143\156\123\357\211\306\123\026}{appendix.A}% 60
\BOOKMARK [1][-]{appendix.B}{\376\377\226\104\137\125\377\032\127\372\116\216\000P\000y\000t\000h\000o\000n\166\204\176\337\213\241\143\250\145\255}{}% 61
\BOOKMARK [2][-]{subsection.B.1}{\376\377\145\057\143\001\124\021\221\317\147\072}{appendix.B}% 62
\BOOKMARK [1][-]{appendix.C}{\376\377\226\104\137\125\377\032\126\376\210\150\377\010\226\217\117\277\145\076\166\204\122\053\137\123\167\037\377\011}{}% 63
